{"total": {"lines":{"total":1686,"covered":1669,"skipped":0,"pct":98.99},"statements":{"total":1686,"covered":1669,"skipped":0,"pct":98.99},"functions":{"total":63,"covered":56,"skipped":0,"pct":88.88},"branches":{"total":119,"covered":115,"skipped":0,"pct":96.63},"branchesTrue":{"total":0,"covered":0,"skipped":0,"pct":100}}
,"C:\\repos\\TypeScript\\react-vite-template\\src\\assets\\components\\Layout\\Layout.tsx": {"lines":{"total":23,"covered":23,"skipped":0,"pct":100},"functions":{"total":1,"covered":1,"skipped":0,"pct":100},"statements":{"total":23,"covered":23,"skipped":0,"pct":100},"branches":{"total":1,"covered":1,"skipped":0,"pct":100}}
,"C:\\repos\\TypeScript\\react-vite-template\\src\\assets\\components\\LazyComponent\\LazyComponent.tsx": {"lines":{"total":30,"covered":30,"skipped":0,"pct":100},"functions":{"total":1,"covered":1,"skipped":0,"pct":100},"statements":{"total":30,"covered":30,"skipped":0,"pct":100},"branches":{"total":1,"covered":1,"skipped":0,"pct":100}}
,"C:\\repos\\TypeScript\\react-vite-template\\src\\assets\\components\\Page\\Page.tsx": {"lines":{"total":48,"covered":48,"skipped":0,"pct":100},"functions":{"total":1,"covered":1,"skipped":0,"pct":100},"statements":{"total":48,"covered":48,"skipped":0,"pct":100},"branches":{"total":2,"covered":2,"skipped":0,"pct":100}}
,"C:\\repos\\TypeScript\\react-vite-template\\src\\assets\\components\\Portal\\Portal.tsx": {"lines":{"total":23,"covered":23,"skipped":0,"pct":100},"functions":{"total":1,"covered":1,"skipped":0,"pct":100},"statements":{"total":23,"covered":23,"skipped":0,"pct":100},"branches":{"total":3,"covered":3,"skipped":0,"pct":100}}
,"C:\\repos\\TypeScript\\react-vite-template\\src\\assets\\components\\Redirect\\Redirect.tsx": {"lines":{"total":35,"covered":35,"skipped":0,"pct":100},"functions":{"total":1,"covered":1,"skipped":0,"pct":100},"statements":{"total":35,"covered":35,"skipped":0,"pct":100},"branches":{"total":3,"covered":3,"skipped":0,"pct":100}}
,"C:\\repos\\TypeScript\\react-vite-template\\src\\assets\\components\\SplashScreen\\SplashScreen.tsx": {"lines":{"total":31,"covered":31,"skipped":0,"pct":100},"functions":{"total":1,"covered":1,"skipped":0,"pct":100},"statements":{"total":31,"covered":31,"skipped":0,"pct":100},"branches":{"total":1,"covered":1,"skipped":0,"pct":100}}
,"C:\\repos\\TypeScript\\react-vite-template\\src\\assets\\components\\ui\\CheckBox\\CheckBox.tsx": {"lines":{"total":170,"covered":166,"skipped":0,"pct":97.64},"functions":{"total":2,"covered":1,"skipped":0,"pct":50},"statements":{"total":170,"covered":166,"skipped":0,"pct":97.64},"branches":{"total":9,"covered":9,"skipped":0,"pct":100}}
,"C:\\repos\\TypeScript\\react-vite-template\\src\\assets\\components\\ui\\DragMenu\\DragMenu.tsx": {"lines":{"total":40,"covered":40,"skipped":0,"pct":100},"functions":{"total":1,"covered":1,"skipped":0,"pct":100},"statements":{"total":40,"covered":40,"skipped":0,"pct":100},"branches":{"total":3,"covered":3,"skipped":0,"pct":100}}
,"C:\\repos\\TypeScript\\react-vite-template\\src\\assets\\components\\ui\\Loader\\Loader.tsx": {"lines":{"total":136,"covered":136,"skipped":0,"pct":100},"functions":{"total":1,"covered":1,"skipped":0,"pct":100},"statements":{"total":136,"covered":136,"skipped":0,"pct":100},"branches":{"total":5,"covered":5,"skipped":0,"pct":100}}
,"C:\\repos\\TypeScript\\react-vite-template\\src\\assets\\components\\ui\\Overlay\\Overlay.tsx": {"lines":{"total":80,"covered":77,"skipped":0,"pct":96.25},"functions":{"total":2,"covered":2,"skipped":0,"pct":100},"statements":{"total":80,"covered":77,"skipped":0,"pct":96.25},"branches":{"total":10,"covered":8,"skipped":0,"pct":80}}
,"C:\\repos\\TypeScript\\react-vite-template\\src\\assets\\components\\ui\\ProgressiveImage\\ProgressiveImage.tsx": {"lines":{"total":42,"covered":38,"skipped":0,"pct":90.47},"functions":{"total":3,"covered":2,"skipped":0,"pct":66.66},"statements":{"total":42,"covered":38,"skipped":0,"pct":90.47},"branches":{"total":5,"covered":5,"skipped":0,"pct":100}}
,"C:\\repos\\TypeScript\\react-vite-template\\src\\assets\\components\\ui\\Radio\\Radio.tsx": {"lines":{"total":100,"covered":100,"skipped":0,"pct":100},"functions":{"total":1,"covered":1,"skipped":0,"pct":100},"statements":{"total":100,"covered":100,"skipped":0,"pct":100},"branches":{"total":1,"covered":1,"skipped":0,"pct":100}}
,"C:\\repos\\TypeScript\\react-vite-template\\src\\assets\\components\\ui\\RunningLine\\RunningLine.tsx": {"lines":{"total":57,"covered":57,"skipped":0,"pct":100},"functions":{"total":1,"covered":1,"skipped":0,"pct":100},"statements":{"total":57,"covered":57,"skipped":0,"pct":100},"branches":{"total":3,"covered":3,"skipped":0,"pct":100}}
,"C:\\repos\\TypeScript\\react-vite-template\\src\\assets\\components\\ui\\UiContainer\\UiContainer.tsx": {"lines":{"total":40,"covered":40,"skipped":0,"pct":100},"functions":{"total":4,"covered":4,"skipped":0,"pct":100},"statements":{"total":40,"covered":40,"skipped":0,"pct":100},"branches":{"total":4,"covered":4,"skipped":0,"pct":100}}
,"C:\\repos\\TypeScript\\react-vite-template\\src\\assets\\components\\ui\\UiGrid\\UiGrid.tsx": {"lines":{"total":70,"covered":70,"skipped":0,"pct":100},"functions":{"total":3,"covered":3,"skipped":0,"pct":100},"statements":{"total":70,"covered":70,"skipped":0,"pct":100},"branches":{"total":3,"covered":3,"skipped":0,"pct":100}}
,"C:\\repos\\TypeScript\\react-vite-template\\src\\assets\\components\\ui\\masonry\\Block\\Block.tsx": {"lines":{"total":28,"covered":28,"skipped":0,"pct":100},"functions":{"total":1,"covered":1,"skipped":0,"pct":100},"statements":{"total":28,"covered":28,"skipped":0,"pct":100},"branches":{"total":1,"covered":1,"skipped":0,"pct":100}}
,"C:\\repos\\TypeScript\\react-vite-template\\src\\assets\\components\\ui\\masonry\\Column\\Column.tsx": {"lines":{"total":28,"covered":28,"skipped":0,"pct":100},"functions":{"total":1,"covered":1,"skipped":0,"pct":100},"statements":{"total":28,"covered":28,"skipped":0,"pct":100},"branches":{"total":1,"covered":1,"skipped":0,"pct":100}}
,"C:\\repos\\TypeScript\\react-vite-template\\src\\assets\\components\\ui\\masonry\\Masonry\\Masonry.tsx": {"lines":{"total":53,"covered":53,"skipped":0,"pct":100},"functions":{"total":1,"covered":1,"skipped":0,"pct":100},"statements":{"total":53,"covered":53,"skipped":0,"pct":100},"branches":{"total":3,"covered":3,"skipped":0,"pct":100}}
,"C:\\repos\\TypeScript\\react-vite-template\\src\\assets\\errors\\ArgumentError.ts": {"lines":{"total":15,"covered":15,"skipped":0,"pct":100},"functions":{"total":1,"covered":1,"skipped":0,"pct":100},"statements":{"total":15,"covered":15,"skipped":0,"pct":100},"branches":{"total":1,"covered":1,"skipped":0,"pct":100}}
,"C:\\repos\\TypeScript\\react-vite-template\\src\\assets\\hooks\\useAppSettings.ts": {"lines":{"total":44,"covered":44,"skipped":0,"pct":100},"functions":{"total":5,"covered":4,"skipped":0,"pct":80},"statements":{"total":44,"covered":44,"skipped":0,"pct":100},"branches":{"total":5,"covered":5,"skipped":0,"pct":100}}
,"C:\\repos\\TypeScript\\react-vite-template\\src\\assets\\hooks\\useBodyClassnames.ts": {"lines":{"total":35,"covered":35,"skipped":0,"pct":100},"functions":{"total":1,"covered":1,"skipped":0,"pct":100},"statements":{"total":35,"covered":35,"skipped":0,"pct":100},"branches":{"total":2,"covered":2,"skipped":0,"pct":100}}
,"C:\\repos\\TypeScript\\react-vite-template\\src\\assets\\hooks\\useBoolean.ts": {"lines":{"total":20,"covered":20,"skipped":0,"pct":100},"functions":{"total":1,"covered":1,"skipped":0,"pct":100},"statements":{"total":20,"covered":20,"skipped":0,"pct":100},"branches":{"total":3,"covered":3,"skipped":0,"pct":100}}
,"C:\\repos\\TypeScript\\react-vite-template\\src\\assets\\hooks\\useEnv.ts": {"lines":{"total":29,"covered":29,"skipped":0,"pct":100},"functions":{"total":1,"covered":1,"skipped":0,"pct":100},"statements":{"total":29,"covered":29,"skipped":0,"pct":100},"branches":{"total":1,"covered":1,"skipped":0,"pct":100}}
,"C:\\repos\\TypeScript\\react-vite-template\\src\\assets\\hooks\\useUniqueId.ts": {"lines":{"total":37,"covered":37,"skipped":0,"pct":100},"functions":{"total":1,"covered":1,"skipped":0,"pct":100},"statements":{"total":37,"covered":37,"skipped":0,"pct":100},"branches":{"total":2,"covered":2,"skipped":0,"pct":100}}
,"C:\\repos\\TypeScript\\react-vite-template\\src\\assets\\pages\\MainPage\\MainPage.tsx": {"lines":{"total":19,"covered":19,"skipped":0,"pct":100},"functions":{"total":1,"covered":1,"skipped":0,"pct":100},"statements":{"total":19,"covered":19,"skipped":0,"pct":100},"branches":{"total":1,"covered":1,"skipped":0,"pct":100}}
,"C:\\repos\\TypeScript\\react-vite-template\\src\\assets\\pages\\TestingPage\\TestingPage.tsx": {"lines":{"total":59,"covered":57,"skipped":0,"pct":96.61},"functions":{"total":4,"covered":1,"skipped":0,"pct":25},"statements":{"total":59,"covered":57,"skipped":0,"pct":96.61},"branches":{"total":5,"covered":4,"skipped":0,"pct":80}}
,"C:\\repos\\TypeScript\\react-vite-template\\src\\assets\\providers\\BodyClassnameProvider\\BodyClassnameProvider.tsx": {"lines":{"total":52,"covered":50,"skipped":0,"pct":96.15},"functions":{"total":5,"covered":4,"skipped":0,"pct":80},"statements":{"total":52,"covered":50,"skipped":0,"pct":96.15},"branches":{"total":6,"covered":6,"skipped":0,"pct":100}}
,"C:\\repos\\TypeScript\\react-vite-template\\src\\assets\\providers\\GlobalProvider\\GlobalProvider.tsx": {"lines":{"total":21,"covered":21,"skipped":0,"pct":100},"functions":{"total":1,"covered":1,"skipped":0,"pct":100},"statements":{"total":21,"covered":21,"skipped":0,"pct":100},"branches":{"total":1,"covered":1,"skipped":0,"pct":100}}
,"C:\\repos\\TypeScript\\react-vite-template\\src\\assets\\providers\\SizesProvider\\SizesProvider.tsx": {"lines":{"total":15,"covered":15,"skipped":0,"pct":100},"functions":{"total":1,"covered":1,"skipped":0,"pct":100},"statements":{"total":15,"covered":15,"skipped":0,"pct":100},"branches":{"total":1,"covered":1,"skipped":0,"pct":100}}
,"C:\\repos\\TypeScript\\react-vite-template\\src\\assets\\providers\\ThemeProvider\\ThemeProvider.tsx": {"lines":{"total":19,"covered":19,"skipped":0,"pct":100},"functions":{"total":1,"covered":1,"skipped":0,"pct":100},"statements":{"total":19,"covered":19,"skipped":0,"pct":100},"branches":{"total":2,"covered":2,"skipped":0,"pct":100}}
,"C:\\repos\\TypeScript\\react-vite-template\\src\\assets\\redux\\hooks.ts": {"lines":{"total":12,"covered":12,"skipped":0,"pct":100},"functions":{"total":1,"covered":1,"skipped":0,"pct":100},"statements":{"total":12,"covered":12,"skipped":0,"pct":100},"branches":{"total":1,"covered":1,"skipped":0,"pct":100}}
,"C:\\repos\\TypeScript\\react-vite-template\\src\\assets\\redux\\index.ts": {"lines":{"total":52,"covered":52,"skipped":0,"pct":100},"functions":{"total":1,"covered":1,"skipped":0,"pct":100},"statements":{"total":52,"covered":52,"skipped":0,"pct":100},"branches":{"total":1,"covered":1,"skipped":0,"pct":100}}
,"C:\\repos\\TypeScript\\react-vite-template\\src\\assets\\redux\\reducers\\appSettingsSlice.ts": {"lines":{"total":30,"covered":30,"skipped":0,"pct":100},"functions":{"total":1,"covered":1,"skipped":0,"pct":100},"statements":{"total":30,"covered":30,"skipped":0,"pct":100},"branches":{"total":1,"covered":1,"skipped":0,"pct":100}}
,"C:\\repos\\TypeScript\\react-vite-template\\src\\assets\\utils\\getUiSx.ts": {"lines":{"total":38,"covered":38,"skipped":0,"pct":100},"functions":{"total":2,"covered":2,"skipped":0,"pct":100},"statements":{"total":38,"covered":38,"skipped":0,"pct":100},"branches":{"total":12,"covered":12,"skipped":0,"pct":100}}
,"C:\\repos\\TypeScript\\react-vite-template\\src\\assets\\utils\\math-utils.ts": {"lines":{"total":8,"covered":8,"skipped":0,"pct":100},"functions":{"total":1,"covered":1,"skipped":0,"pct":100},"statements":{"total":8,"covered":8,"skipped":0,"pct":100},"branches":{"total":2,"covered":2,"skipped":0,"pct":100}}
,"C:\\repos\\TypeScript\\react-vite-template\\src\\assets\\utils\\numericGenerator.ts": {"lines":{"total":17,"covered":17,"skipped":0,"pct":100},"functions":{"total":1,"covered":1,"skipped":0,"pct":100},"statements":{"total":17,"covered":17,"skipped":0,"pct":100},"branches":{"total":3,"covered":3,"skipped":0,"pct":100}}
,"C:\\repos\\TypeScript\\react-vite-template\\src\\assets\\utils\\renderWithProviders.tsx": {"lines":{"total":94,"covered":94,"skipped":0,"pct":100},"functions":{"total":4,"covered":4,"skipped":0,"pct":100},"statements":{"total":94,"covered":94,"skipped":0,"pct":100},"branches":{"total":7,"covered":7,"skipped":0,"pct":100}}
,"C:\\repos\\TypeScript\\react-vite-template\\src\\assets\\utils\\skipTestCondition.ts": {"lines":{"total":19,"covered":17,"skipped":0,"pct":89.47},"functions":{"total":1,"covered":1,"skipped":0,"pct":100},"statements":{"total":19,"covered":17,"skipped":0,"pct":89.47},"branches":{"total":2,"covered":1,"skipped":0,"pct":50}}
,"C:\\repos\\TypeScript\\react-vite-template\\src\\assets\\utils\\type-checks.ts": {"lines":{"total":17,"covered":17,"skipped":0,"pct":100},"functions":{"total":1,"covered":1,"skipped":0,"pct":100},"statements":{"total":17,"covered":17,"skipped":0,"pct":100},"branches":{"total":1,"covered":1,"skipped":0,"pct":100}}
}
